<?xml version="1.0" encoding="UTF-8"?>
<!-- Generated by org.testng.reporters.JUnitReportReporter -->
<testsuite skipped="0" hostname="LAPTOP-L3U6C128" name="com.qa.testcase.ManageOfferCodeTestCase" tests="1" failures="0" timestamp="2022-04-17T23:47:23 IST" time="3.312" errors="0">
  <testcase name="newManageOfferCodeTC1" time="3.312" classname="com.qa.testcase.ManageOfferCodeTestCase"/>
  <system-out/>
</testsuite> <!-- com.qa.testcase.ManageOfferCodeTestCase -->
