<?xml version="1.0" encoding="UTF-8"?>
<!-- Generated by org.testng.reporters.JUnitReportReporter -->
<testsuite skipped="0" hostname="LAPTOP-L3U6C128" name="com.qa.testcase.ManagePageTestCase" tests="1" failures="0" timestamp="2022-04-17T23:47:24 IST" time="2.725" errors="0">
  <testcase name="editTC1" time="2.725" classname="com.qa.testcase.ManagePageTestCase"/>
  <system-out/>
</testsuite> <!-- com.qa.testcase.ManagePageTestCase -->
