<?xml version="1.0" encoding="UTF-8"?>
<!-- Generated by org.testng.reporters.JUnitReportReporter -->
<testsuite skipped="0" hostname="LAPTOP-L3U6C128" name="com.qa.testcase.AdminUserTestCase" tests="4" failures="0" timestamp="2022-04-17T23:47:24 IST" time="12.678" errors="0">
  <testcase name="ScreenShotAdminUserTC4" time="2.919" classname="com.qa.testcase.AdminUserTestCase"/>
  <system-out/>
  <testcase name="searchAdminUserDataTC2" time="3.000" classname="com.qa.testcase.AdminUserTestCase"/>
  <system-out/>
  <testcase name="editAdminUserDataTC3" time="3.295" classname="com.qa.testcase.AdminUserTestCase"/>
  <system-out/>
  <testcase name="newAdminUserDataTC1" time="3.464" classname="com.qa.testcase.AdminUserTestCase"/>
  <system-out/>
</testsuite> <!-- com.qa.testcase.AdminUserTestCase -->
