<?xml version="1.0" encoding="UTF-8"?>
<!-- Generated by org.testng.reporters.JUnitReportReporter -->
<testsuite skipped="0" hostname="LAPTOP-L3U6C128" name="com.qa.testcase.MobileSliderTestCase" tests="2" failures="0" timestamp="2022-04-17T23:47:23 IST" time="5.752" errors="0">
  <testcase name="editmobileSliderTC2" time="2.679" classname="com.qa.testcase.MobileSliderTestCase"/>
  <system-out/>
  <testcase name="mobileSliderTC1" time="3.073" classname="com.qa.testcase.MobileSliderTestCase"/>
  <system-out/>
</testsuite> <!-- com.qa.testcase.MobileSliderTestCase -->
