<?xml version="1.0" encoding="UTF-8"?>
<!-- Generated by org.testng.reporters.JUnitReportReporter -->
<testsuite skipped="0" hostname="LAPTOP-L3U6C128" name="com.qa.testcase.ManageProductTestCase" tests="3" failures="0" timestamp="2022-04-17T23:47:24 IST" time="13.350" errors="0">
  <testcase name="searchDataTC3" time="3.100" classname="com.qa.testcase.ManageProductTestCase"/>
  <system-out/>
  <testcase name="newProductDataTC4" time="5.663" classname="com.qa.testcase.ManageProductTestCase"/>
  <system-out/>
  <testcase name="editTC2" time="4.587" classname="com.qa.testcase.ManageProductTestCase"/>
  <system-out/>
</testsuite> <!-- com.qa.testcase.ManageProductTestCase -->
