<?xml version="1.0" encoding="UTF-8"?>
<!-- Generated by org.testng.reporters.JUnitReportReporter -->
<testsuite skipped="0" hostname="LAPTOP-L3U6C128" name="com.qa.testcase.PushNotificationTestCase" tests="1" failures="0" timestamp="2022-04-17T23:47:24 IST" time="2.679" errors="0">
  <testcase name="pushNotificationTC1" time="2.679" classname="com.qa.testcase.PushNotificationTestCase"/>
  <system-out/>
</testsuite> <!-- com.qa.testcase.PushNotificationTestCase -->
