<?xml version="1.0" encoding="UTF-8"?>
<!-- Generated by org.testng.reporters.JUnitReportReporter -->
<testsuite skipped="0" hostname="LAPTOP-L3U6C128" name="com.qa.testcase.ManageDeliveryBoyTestCase" tests="2" failures="0" timestamp="2022-04-17T23:47:23 IST" time="6.666" errors="0">
  <testcase name="searchDeliveryBoyData" time="2.983" classname="com.qa.testcase.ManageDeliveryBoyTestCase"/>
  <system-out/>
  <testcase name="newDeliveryBoy" time="3.683" classname="com.qa.testcase.ManageDeliveryBoyTestCase"/>
  <system-out/>
</testsuite> <!-- com.qa.testcase.ManageDeliveryBoyTestCase -->
