<?xml version="1.0" encoding="UTF-8"?>
<!-- Generated by org.testng.reporters.JUnitReportReporter -->
<testsuite skipped="0" hostname="LAPTOP-L3U6C128" name="com.qa.testcase.LoginTestCase" tests="3" failures="0" timestamp="2022-04-18T23:38:28 IST" time="3.823" errors="0">
  <testcase name="BlankUserNameloginTC4" time="1.580" classname="com.qa.testcase.LoginTestCase"/>
  <system-out/>
  <testcase name="BlankloginTC3" time="0.974" classname="com.qa.testcase.LoginTestCase"/>
  <system-out/>
  <testcase name="InvalidloginTC2" time="1.269" classname="com.qa.testcase.LoginTestCase"/>
  <system-out/>
</testsuite> <!-- com.qa.testcase.LoginTestCase -->
