<?xml version="1.0" encoding="UTF-8"?>
<!-- Generated by org.testng.reporters.JUnitReportReporter -->
<testsuite skipped="0" hostname="LAPTOP-L3U6C128" name="com.qa.testcase.ManageLocationTestCase" tests="4" failures="0" timestamp="2022-04-17T23:47:23 IST" time="14.136" errors="0">
  <testcase name="editLocationTC2" time="3.434" classname="com.qa.testcase.ManageLocationTestCase"/>
  <system-out/>
  <testcase name="add_New_LocationTC1" time="3.825" classname="com.qa.testcase.ManageLocationTestCase"/>
  <system-out/>
  <testcase name="searchLocationTC3" time="3.753" classname="com.qa.testcase.ManageLocationTestCase"/>
  <system-out/>
  <testcase name="updatestatusTC1" time="3.124" classname="com.qa.testcase.ManageLocationTestCase"/>
  <system-out/>
</testsuite> <!-- com.qa.testcase.ManageLocationTestCase -->
