<?xml version="1.0" encoding="UTF-8"?>
<!-- Generated by org.testng.reporters.JUnitReportReporter -->
<testsuite skipped="0" hostname="LAPTOP-L3U6C128" name="com.qa.testcase.ManageNewsTestCase" tests="3" failures="0" timestamp="2022-04-17T23:47:23 IST" time="8.213" errors="0">
  <testcase name="editManageNewsDataTC1" time="3.028" classname="com.qa.testcase.ManageNewsTestCase"/>
  <system-out/>
  <testcase name="manageNewsDataTC2" time="2.443" classname="com.qa.testcase.ManageNewsTestCase"/>
  <system-out/>
  <testcase name="ManageNewsDataTC1" time="2.742" classname="com.qa.testcase.ManageNewsTestCase"/>
  <system-out/>
</testsuite> <!-- com.qa.testcase.ManageNewsTestCase -->
