<?xml version="1.0" encoding="UTF-8"?>
<!-- Generated by org.testng.reporters.JUnitReportReporter -->
<testsuite skipped="0" hostname="LAPTOP-L3U6C128" name="com.qa.testcase.ManageExpenseTestCase" tests="3" failures="0" timestamp="2022-04-17T23:47:23 IST" time="13.447" errors="0">
  <testcase name="searchManageExpenseTC3" time="3.755" classname="com.qa.testcase.ManageExpenseTestCase"/>
  <system-out/>
  <testcase name="newMnangeExpenseTC1" time="5.184" classname="com.qa.testcase.ManageExpenseTestCase"/>
  <system-out/>
  <testcase name="editManageExpenseTC2" time="4.508" classname="com.qa.testcase.ManageExpenseTestCase"/>
  <system-out/>
</testsuite> <!-- com.qa.testcase.ManageExpenseTestCase -->
